LOG 2025/05/26
Save Path: /root/myapi_ye/Logs
Task Start: 2025/05/26 09:09:14
Task CommandLine: /root/myapi_ye/N_m3u8DL-RE https://surrit.com/6bde5b60-1bf8-41cf-8180-4226fa57b999/842x480/video.m3u8 --tmp-dir /root/ye/tmp/f8326212-10e2-483b-8b34-ab94b115dd8b --save-dir /root/ye/ --save-name 1 --thread-count 16 --download-retry-count 6 --ffmpeg-binary-path /usr/bin/ffmpeg --use-ffmpeg-concat-demuxer true

09:09:14.989 INFO : N_m3u8DL-RE (Beta version) 20241203
09:09:14.989 EXTRA: ffmpeg => /usr/bin/ffmpeg
09:09:14.989 INFO : Loading URL: https://surrit.com/6bde5b60-1bf8-41cf-8180-4226fa57b999/842x480/video.m3u8
09:09:15.633 INFO : Content Matched: HTTP Live Streaming
09:09:15.634 INFO : Parsing streams...
09:09:15.658 WARN : Writing meta json
09:09:15.661 INFO : Extracted, there are 1 streams, with 1 basic streams, 0 audio streams, 0 subtitle streams
09:09:15.662 INFO : Vid Kbps | 2211 Segments | ~02h27m20s
09:09:15.672 INFO : Selected streams:
09:09:15.672 INFO : Vid Kbps | 2211 Segments | ~02h27m20s
09:09:15.673 WARN : Writing meta json
09:09:15.675 INFO : Save Name: 1
09:09:15.677 INFO : Start downloading...Vid Kbps
09:09:16.297 WARN : Reading media info...
09:09:16.488 INFO : [0x100]: Video, h264 (Main) ([27][0][0][0]), 842x474, 30 fps
09:09:16.489 INFO : [0x101]: Audio, aac (LC) ([15][0][0][0]), 129 kb/s
09:10:17.456 INFO : ffmpeg merging...
09:11:16.948 WARN : Segments more than 1800, start partial merge...
09:11:26.477 INFO : Done
