LOG 2025/05/26
Save Path: /root/myapi_ye/Logs
Task Start: 2025/05/26 09:24:47
Task CommandLine: /root/myapi_ye/N_m3u8DL-RE https://surrit.com/6bde5b60-1bf8-41cf-8180-4226fa57b999/842x480/video.m3u8 --tmp-dir /root/ye/tmp/ff0c2ec5-07a0-49f7-96fe-f46f112003b8 --save-dir /root/ye/ --save-name 1 --thread-count 16 --download-retry-count 6 --ffmpeg-binary-path /usr/bin/ffmpeg --use-ffmpeg-concat-demuxer true

09:24:47.227 INFO : N_m3u8DL-RE (Beta version) 20241203
09:24:47.228 EXTRA: ffmpeg => /usr/bin/ffmpeg
09:24:47.228 INFO : Loading URL: https://surrit.com/6bde5b60-1bf8-41cf-8180-4226fa57b999/842x480/video.m3u8
09:24:47.861 INFO : Content Matched: HTTP Live Streaming
09:24:47.862 INFO : Parsing streams...
09:24:47.885 WARN : Writing meta json
09:24:47.888 INFO : Extracted, there are 1 streams, with 1 basic streams, 0 audio streams, 0 subtitle streams
09:24:47.889 INFO : Vid Kbps | 2211 Segments | ~02h27m20s
09:24:47.895 INFO : Selected streams:
09:24:47.896 INFO : Vid Kbps | 2211 Segments | ~02h27m20s
09:24:47.896 WARN : Writing meta json
09:24:47.899 INFO : Save Name: 1
09:24:47.900 INFO : Start downloading...Vid Kbps
09:24:48.509 WARN : Reading media info...
09:24:48.722 INFO : [0x100]: Video, h264 (Main) ([27][0][0][0]), 842x474, 30 fps
09:24:48.723 INFO : [0x101]: Audio, aac (LC) ([15][0][0][0]), 129 kb/s
09:25:45.322 INFO : ffmpeg merging...
09:25:45.323 WARN : 1.mp4 => 1.copy.mp4
09:25:45.323 WARN : 1.copy.mp4 => 1.copy.copy.mp4
09:25:45.324 WARN : 1.copy.copy.mp4 => 1.copy.copy.copy.mp4
09:25:45.324 WARN : Segments more than 1800, start partial merge...
09:25:54.095 INFO : Done
