LOG 2025/05/26
Save Path: /root/myapi_ye/Logs
Task Start: 2025/05/26 09:13:08
Task CommandLine: /root/myapi_ye/N_m3u8DL-RE https://surrit.com/6bde5b60-1bf8-41cf-8180-4226fa57b999/842x480/video.m3u8 --tmp-dir /root/ye/tmp/b0b5680a-62a6-4048-96fb-d70fc429718c --save-dir /root/ye/ --save-name 1 --thread-count 16 --download-retry-count 6 --ffmpeg-binary-path /usr/bin/ffmpeg --use-ffmpeg-concat-demuxer true

09:13:08.099 INFO : N_m3u8DL-RE (Beta version) 20241203
09:13:08.100 EXTRA: ffmpeg => /usr/bin/ffmpeg
09:13:08.100 INFO : Loading URL: https://surrit.com/6bde5b60-1bf8-41cf-8180-4226fa57b999/842x480/video.m3u8
09:13:08.653 INFO : Content Matched: HTTP Live Streaming
09:13:08.654 INFO : Parsing streams...
09:13:08.678 WARN : Writing meta json
09:13:08.682 INFO : Extracted, there are 1 streams, with 1 basic streams, 0 audio streams, 0 subtitle streams
09:13:08.682 INFO : Vid Kbps | 2211 Segments | ~02h27m20s
09:13:08.689 INFO : Selected streams:
09:13:08.690 INFO : Vid Kbps | 2211 Segments | ~02h27m20s
09:13:08.690 WARN : Writing meta json
09:13:08.699 INFO : Save Name: 1
09:13:08.700 INFO : Start downloading...Vid Kbps
09:13:09.239 WARN : Reading media info...
09:13:09.415 INFO : [0x100]: Video, h264 (Main) ([27][0][0][0]), 842x474, 30 fps
09:13:09.416 INFO : [0x101]: Audio, aac (LC) ([15][0][0][0]), 129 kb/s
