LOG 2025/05/26
Save Path: /root/myapi_ye/Logs
Task Start: 2025/05/26 09:18:10
Task CommandLine: /root/myapi_ye/N_m3u8DL-RE https://surrit.com/6bde5b60-1bf8-41cf-8180-4226fa57b999/842x480/video.m3u8 --tmp-dir /root/ye/tmp/f56a5beb-090a-4d76-b616-abf811170bc9 --save-dir /root/ye/ --save-name 1 --thread-count 16 --download-retry-count 6 --ffmpeg-binary-path /usr/bin/ffmpeg --use-ffmpeg-concat-demuxer true

09:18:10.939 INFO : N_m3u8DL-RE (Beta version) 20241203
09:18:10.940 EXTRA: ffmpeg => /usr/bin/ffmpeg
09:18:10.940 INFO : Loading URL: https://surrit.com/6bde5b60-1bf8-41cf-8180-4226fa57b999/842x480/video.m3u8
09:18:12.093 INFO : Content Matched: HTTP Live Streaming
09:18:12.094 INFO : Parsing streams...
09:18:12.117 WARN : Writing meta json
09:18:12.120 INFO : Extracted, there are 1 streams, with 1 basic streams, 0 audio streams, 0 subtitle streams
09:18:12.120 INFO : Vid Kbps | 2211 Segments | ~02h27m20s
09:18:12.130 INFO : Selected streams:
09:18:12.131 INFO : Vid Kbps | 2211 Segments | ~02h27m20s
09:18:12.131 WARN : Writing meta json
09:18:12.133 INFO : Save Name: 1
09:18:12.134 INFO : Start downloading...Vid Kbps
09:18:13.361 WARN : Reading media info...
09:18:13.537 INFO : [0x100]: Video, h264 (Main) ([27][0][0][0]), 842x474, 30 fps
09:18:13.538 INFO : [0x101]: Audio, aac (LC) ([15][0][0][0]), 129 kb/s
09:19:16.421 INFO : ffmpeg merging...
09:19:16.421 WARN : 1.mp4 => 1.copy.mp4
09:19:16.422 WARN : 1.copy.mp4 => 1.copy.copy.mp4
09:19:16.422 WARN : Segments more than 1800, start partial merge...
09:19:25.494 INFO : Done
